<?xml version="1.0" encoding="UTF-8"?>
<!-- Generated by org.testng.reporters.JUnitXMLReporter -->
<testsuite ignored="0" hostname="user-PC" failures="0" tests="4" name="Default test" time="0.232" errors="0" timestamp="2023-08-08T00:50:45 IST">
  <testcase classname="com.testng.PriorityTest" name="url" time="0.025"/>
  <testcase classname="com.testng.PriorityTest" name="username" time="0.007"/>
  <testcase classname="com.testng.PriorityTest" name="password" time="0.005"/>
  <testcase classname="com.testng.PriorityTest" name="login" time="0.015"/>
</testsuite> <!-- Default test -->
