<?xml version="1.0" encoding="UTF-8"?>
<!-- Generated by org.testng.reporters.JUnitXMLReporter -->
<testsuite ignored="3" hostname="user-PC" failures="0" tests="2" name="Test" time="0.181" errors="0" timestamp="2023-08-05T12:04:02 IST">
  <testcase classname="com.testng.IgnoreTest" name="fashion" time="0.025"/>
  <testcase classname="com.testng.IgnoreTest" name="furniture" time="0.007"/>
  <testcase classname="com.testng.IgnoreTest" name="grocery" time="0.0">
    <ignored/>
  </testcase> <!-- grocery -->
  <testcase classname="com.testng.IgnoreTest" name="flights" time="0.0">
    <ignored/>
  </testcase> <!-- flights -->
  <testcase classname="com.testng.IgnoreTest" name="beauty" time="0.0">
    <ignored/>
  </testcase> <!-- beauty -->
</testsuite> <!-- Test -->
