<?xml version="1.0" encoding="UTF-8"?>
<testng-results ignored="0" total="4" passed="4" failed="0" skipped="0">
  <reporter-output>
  </reporter-output>
  <suite started-at="2023-08-08T00:50:45 IST" name="Default suite" finished-at="2023-08-08T00:50:45 IST" duration-ms="232">
    <groups>
    </groups>
    <test started-at="2023-08-08T00:50:45 IST" name="Default test" finished-at="2023-08-08T00:50:45 IST" duration-ms="232">
      <class name="com.testng.PriorityTest">
        <test-method signature="url()[pri:0, instance:com.testng.PriorityTest@3e11f9e9]" started-at="2023-08-08T00:50:45 IST" name="url" finished-at="2023-08-08T00:50:45 IST" duration-ms="25" status="PASS">
          <reporter-output>
          </reporter-output>
        </test-method> <!-- url -->
        <test-method signature="username()[pri:1, instance:com.testng.PriorityTest@3e11f9e9]" started-at="2023-08-08T00:50:45 IST" name="username" finished-at="2023-08-08T00:50:45 IST" duration-ms="7" status="PASS">
          <reporter-output>
          </reporter-output>
        </test-method> <!-- username -->
        <test-method signature="password()[pri:2, instance:com.testng.PriorityTest@3e11f9e9]" started-at="2023-08-08T00:50:45 IST" name="password" finished-at="2023-08-08T00:50:45 IST" duration-ms="5" status="PASS">
          <reporter-output>
          </reporter-output>
        </test-method> <!-- password -->
        <test-method signature="login()[pri:3, instance:com.testng.PriorityTest@3e11f9e9]" started-at="2023-08-08T00:50:45 IST" name="login" finished-at="2023-08-08T00:50:45 IST" duration-ms="15" status="PASS">
          <reporter-output>
          </reporter-output>
        </test-method> <!-- login -->
      </class> <!-- com.testng.PriorityTest -->
    </test> <!-- Default test -->
  </suite> <!-- Default suite -->
</testng-results>
